<?xml version="1.0" encoding="UTF-8"?>
<!-- Generated by org.testng.reporters.JUnitXMLReporter -->
<testsuite hostname="DESKTOP-A3D81R1" ignored="4" tests="0" failures="0" timestamp="16 Jun 2023 14:49:37 GMT" time="0.012" errors="0">
  <testcase name="funB" time="0.0" classname="Testng.TestNGGroupDemo1">
    <ignored/>
  </testcase> <!-- funB -->
  <testcase name="funC" time="0.0" classname="Testng.TestNGGroupDemo1">
    <ignored/>
  </testcase> <!-- funC -->
  <testcase name="funD" time="0.0" classname="Testng.TestNGGroupDemo1">
    <ignored/>
  </testcase> <!-- funD -->
  <testcase name="funA" time="0.0" classname="Testng.TestNGGroupDemo1">
    <ignored/>
  </testcase> <!-- funA -->
</testsuite>
