<?xml version="1.0" encoding="UTF-8"?>
<!-- Generated by org.testng.reporters.JUnitXMLReporter -->
<testsuite hostname="DESKTOP-A3D81R1" ignored="1" name="Regression suite 1" tests="17" failures="2" timestamp="16 Jun 2023 14:54:15 GMT" time="0.316" errors="0">
  <testcase name="funA" time="0.014" classname="Testng.JunitDemo"/>
  <testcase name="funA" time="0.007" classname="Testng.JunitDemo2"/>
  <testcase name="f" time="0.001" classname="Testng.NewTest"/>
  <testcase name="funA" time="0.001" classname="Testng.TestGDemo3"/>
  <testcase name="funB" time="0.002" classname="Testng.TestGDemo3">
    <failure type="java.lang.ArithmeticException" message="/ by zero">
      <![CDATA[java.lang.ArithmeticException: / by zero
	at Testng.TestGDemo3.funB(TestGDemo3.java:13)
... Removed 25 stack frames]]>
    </failure>
  </testcase> <!-- funB -->
  <testcase name="funC" time="0.003" classname="Testng.TestGDemo3">
    <skipped/>
  </testcase> <!-- funC -->
  <testcase name="funA" time="0.022" classname="Testng.TestNGDemo1"/>
  <testcase name="loginTest" time="0.002" classname="Testng.TestNGDemo4"/>
  <testcase name="funA" time="0.009" classname="Testng.TestNGGroupDemo1"/>
  <testcase name="funB" time="0.005" classname="Testng.TestNGGroupDemo1"/>
  <testcase name="funC" time="0.004" classname="Testng.TestNGGroupDemo1"/>
  <testcase name="funD" time="0.002" classname="Testng.TestNGGroupDemo1"/>
  <testcase name="funA" time="0.013" classname="Testng.TestNGDemo2"/>
  <testcase name="customerDetails" time="0.003" classname="Testng.TestNGDemo4">
    <failure type="java.lang.ArithmeticException" message="/ by zero">
      <![CDATA[java.lang.ArithmeticException: / by zero
	at Testng.TestNGDemo4.customerDetails(TestNGDemo4.java:15)
... Removed 25 stack frames]]>
    </failure>
  </testcase> <!-- customerDetails -->
  <testcase name="funB" time="0.004" classname="Testng.TestNGDemo2"/>
  <testcase name="funC" time="0.004" classname="Testng.TestNGDemo2"/>
  <testcase name="funD" time="0.005" classname="Testng.TestNGDemo2"/>
  <testcase name="funD" time="0.0" classname="Testng.TestGDemo3">
    <ignored/>
  </testcase> <!-- funD -->
</testsuite> <!-- Regression suite 1 -->
